<?xml version="1.0" encoding="UTF-8"?>
<!-- Generated by org.testng.reporters.JUnitXMLReporter -->
<testsuite ignored="3" hostname="SSPL-LPTP-374" failures="0" tests="1" name="Default test" time="1.627" errors="0" timestamp="2024-06-26T12:17:56 IST">
  <testcase classname="com.apidemo.restaussredtests.TC06_XMLDemo" name="testUsingXpathNew" time="1.594"/>
  <testcase classname="com.apidemo.restaussredtests.TC06_XMLDemo" name="multipleCOntentTest" time="0.0">
    <ignored/>
  </testcase> <!-- multipleCOntentTest -->
  <testcase classname="com.apidemo.restaussredtests.TC06_XMLDemo" name="singleCOntentTest" time="0.0">
    <ignored/>
  </testcase> <!-- singleCOntentTest -->
  <testcase classname="com.apidemo.restaussredtests.TC06_XMLDemo" name="testUsingXpath" time="0.0">
    <ignored/>
  </testcase> <!-- testUsingXpath -->
</testsuite> <!-- Default test -->
