<?xml version="1.0" encoding="UTF-8"?>
<!-- Generated by org.testng.reporters.JUnitXMLReporter -->
<testsuite ignored="2" hostname="SSPL-LPTP-374" failures="0" tests="1" name="Default test" time="1.128" errors="0" timestamp="2024-06-24T16:17:09 IST">
  <testcase classname="com.apidemo.restaussredtests.TC05_BasicValidations" name="validteParams" time="1.094"/>
  <testcase classname="com.apidemo.restaussredtests.TC05_BasicValidations" name="getEmployeeDetails" time="0.0">
    <ignored/>
  </testcase> <!-- getEmployeeDetails -->
  <testcase classname="com.apidemo.restaussredtests.TC05_BasicValidations" name="getEmployeeDetailsMultipledata" time="0.0">
    <ignored/>
  </testcase> <!-- getEmployeeDetailsMultipledata -->
</testsuite> <!-- Default test -->
