<?xml version="1.0" encoding="UTF-8"?>
<testng-results ignored="0" total="1" passed="1" failed="0" skipped="0">
  <reporter-output>
  </reporter-output>
  <suite started-at="2024-06-24T16:17:08 IST" name="Default suite" finished-at="2024-06-24T16:17:09 IST" duration-ms="1128">
    <groups>
    </groups>
    <test started-at="2024-06-24T16:17:08 IST" name="Default test" finished-at="2024-06-24T16:17:09 IST" duration-ms="1128">
      <class name="com.apidemo.restaussredtests.TC05_BasicValidations">
        <test-method signature="validteParams()[pri:3, instance:com.apidemo.restaussredtests.TC05_BasicValidations@23c30a20]" started-at="2024-06-24T16:17:08 IST" name="validteParams" finished-at="2024-06-24T16:17:09 IST" duration-ms="1094" status="PASS">
          <reporter-output>
          </reporter-output>
        </test-method> <!-- validteParams -->
      </class> <!-- com.apidemo.restaussredtests.TC05_BasicValidations -->
    </test> <!-- Default test -->
  </suite> <!-- Default suite -->
</testng-results>
