<?xml version="1.0" encoding="UTF-8"?>
<testng-results ignored="0" total="1" passed="1" failed="0" skipped="0">
  <reporter-output>
  </reporter-output>
  <suite started-at="2024-06-26T12:17:54 IST" name="Default suite" finished-at="2024-06-26T12:17:56 IST" duration-ms="1627">
    <groups>
    </groups>
    <test started-at="2024-06-26T12:17:54 IST" name="Default test" finished-at="2024-06-26T12:17:56 IST" duration-ms="1627">
      <class name="com.apidemo.restaussredtests.TC06_XMLDemo">
        <test-method signature="testUsingXpathNew()[pri:3, instance:com.apidemo.restaussredtests.TC06_XMLDemo@1e1a0406]" started-at="2024-06-26T12:17:54 IST" name="testUsingXpathNew" finished-at="2024-06-26T12:17:56 IST" duration-ms="1594" status="PASS">
          <reporter-output>
          </reporter-output>
        </test-method> <!-- testUsingXpathNew -->
      </class> <!-- com.apidemo.restaussredtests.TC06_XMLDemo -->
    </test> <!-- Default test -->
  </suite> <!-- Default suite -->
</testng-results>
